<?xml version="1.0" encoding="UTF-8"?>
<testsuite name="by.overone.junit.MainTest" tests="9" skipped="0" failures="0" errors="0" timestamp="2021-11-16T11:59:52" hostname="ЕЛИЗАВЕТА" time="0.056">
  <properties/>
  <testcase name="[1] hi" classname="by.overone.junit.MainTest" time="0.027"/>
  <testcase name="repetition 1 of 7" classname="by.overone.junit.MainTest" time="0.006"/>
  <testcase name="repetition 2 of 7" classname="by.overone.junit.MainTest" time="0.001"/>
  <testcase name="repetition 3 of 7" classname="by.overone.junit.MainTest" time="0.0"/>
  <testcase name="repetition 4 of 7" classname="by.overone.junit.MainTest" time="0.001"/>
  <testcase name="repetition 5 of 7" classname="by.overone.junit.MainTest" time="0.0"/>
  <testcase name="repetition 6 of 7" classname="by.overone.junit.MainTest" time="0.001"/>
  <testcase name="repetition 7 of 7" classname="by.overone.junit.MainTest" time="0.001"/>
  <testcase name="[1] hi dear friends" classname="by.overone.junit.MainTest" time="0.001"/>
  <system-out><![CDATA[Repeated test
Repeated test
Repeated test
Repeated test
Repeated test
Repeated test
Repeated test
]]></system-out>
  <system-err><![CDATA[]]></system-err>
</testsuite>
